<?xml version="1.0" encoding="UTF-8"?>
<!-- Generated by org.testng.reporters.JUnitXMLReporter -->
<testsuite ignored="0" hostname="DESKTOP-9A58I0B" failures="0" tests="4" name="ijk1" time="87.126" errors="0" timestamp="2024-04-10T13:35:36 PDT">
  <testcase classname="admin_module.updateDrProfile_util_pom" name="script2main" time="17.065"/>
  <testcase classname="admin_module.updateDrProfile_util_pom" name="script2sub" time="24.718"/>
  <testcase classname="admin_module.adminFetchReports_pom_util_test" name="script1main" time="24.679"/>
  <testcase classname="admin_module.adminFetchReports_pom_util_test" name="script1sub" time="20.481"/>
</testsuite> <!-- ijk1 -->
