<?xml version="1.0" encoding="UTF-8"?>
<!-- Generated by org.testng.reporters.JUnitXMLReporter -->
<testsuite ignored="0" hostname="DESKTOP-9A58I0B" failures="0" tests="4" name="ijk2" time="85.957" errors="0" timestamp="2024-04-10T13:35:35 PDT">
  <testcase classname="admin_module.updateDrProfile_util_pom" name="script2main" time="17.202"/>
  <testcase classname="admin_module.updateDrProfile_util_pom" name="script2sub" time="24.994"/>
  <testcase classname="admin_module.adminFetchReports_pom_util_test" name="script1main" time="23.61"/>
  <testcase classname="admin_module.adminFetchReports_pom_util_test" name="script1sub" time="20.002"/>
</testsuite> <!-- ijk2 -->
