<?xml version="1.0" encoding="UTF-8"?>
<!-- Generated by org.testng.reporters.JUnitXMLReporter -->
<testsuite ignored="1" hostname="DESKTOP-9A58I0B" failures="0" tests="2" name="Test1" time="42.753" errors="0" timestamp="2024-04-17T17:14:21 PDT">
  <testcase classname="admin_module.updateDrProfile_util_pom" name="script2main" time="16.282"/>
  <testcase classname="patient_module.patientApplyAppntmnt_pom_util_test" name="script5" time="26.318"/>
  <testcase classname="admin_module.updateDrProfile_util_pom" name="script2sub" time="0.0">
    <ignored/>
  </testcase> <!-- script2sub -->
</testsuite> <!-- Test1 -->
