<?xml version="1.0" encoding="UTF-8"?>
<testng-results ignored="0" total="1" passed="0" failed="1" skipped="0">
  <reporter-output>
    <line>
      <![CDATA[connected to db]]>
    </line>
    <line>
      <![CDATA[this is chrome]]>
    </line>
    <line>
      <![CDATA[logged in]]>
    </line>
    <line>
      <![CDATA[logged out]]>
    </line>
    <line>
      <![CDATA[browser has been closed]]>
    </line>
    <line>
      <![CDATA[DB is shut down]]>
    </line>
  </reporter-output>
  <suite started-at="2024-04-18T10:05:33 PDT" name="Default suite" finished-at="2024-04-18T10:05:53 PDT" duration-ms="19038">
    <groups>
    </groups>
    <test started-at="2024-04-18T10:05:33 PDT" name="Default test" finished-at="2024-04-18T10:05:53 PDT" duration-ms="19038">
      <class name="doctor_module.pomDrcreatePatient">
        <test-method is-config="true" signature="connect_toDB()[pri:0, instance:doctor_module.pomDrcreatePatient@3b0090a4]" started-at="2024-04-18T10:05:33 PDT" name="connect_toDB" finished-at="2024-04-18T10:05:33 PDT" duration-ms="573" status="PASS">
          <reporter-output>
            <line>
              <![CDATA[connected to db]]>
            </line>
          </reporter-output>
        </test-method> <!-- connect_toDB -->
        <test-method is-config="true" signature="launchbrowser()[pri:0, instance:doctor_module.pomDrcreatePatient@3b0090a4]" started-at="2024-04-18T10:05:34 PDT" name="launchbrowser" finished-at="2024-04-18T10:05:45 PDT" duration-ms="11407" status="PASS">
          <reporter-output>
            <line>
              <![CDATA[this is chrome]]>
            </line>
          </reporter-output>
        </test-method> <!-- launchbrowser -->
        <test-method is-config="true" signature="loginAsDr()[pri:0, instance:doctor_module.pomDrcreatePatient@3b0090a4]" started-at="2024-04-18T10:05:45 PDT" name="loginAsDr" finished-at="2024-04-18T10:05:47 PDT" duration-ms="1825" status="PASS">
          <reporter-output>
            <line>
              <![CDATA[logged in]]>
            </line>
          </reporter-output>
        </test-method> <!-- loginAsDr -->
        <test-method signature="DrcreatePat()[pri:0, instance:doctor_module.pomDrcreatePatient@3b0090a4]" started-at="2024-04-18T10:05:47 PDT" name="DrcreatePat" finished-at="2024-04-18T10:05:52 PDT" duration-ms="4884" status="FAIL">
          <exception class="org.openqa.selenium.ElementClickInterceptedException">
            <message>
              <![CDATA[element click intercepted: Element <button type="submit" name="submit" id="submit" class="btn btn-o btn-primary" disabled="">...</button> is not clickable at point (331, 547). Other element would receive the click: <form role="form" name="" method="post">...</form>
  (Session info: chrome=123.0.6312.123)
Build info: version: '4.13.0', revision: 'ba948ece5b*'
System info: os.name: 'Windows 10', os.arch: 'amd64', os.version: '10.0', java.version: '17.0.10'
Driver info: org.openqa.selenium.chrome.ChromeDriver
Command: [649a734e1be954a0283051be79c85399, clickElement {id=f.7FC727FF00346F2462C948C552712B99.d.22871A186F56EEC0BA9D908162A83317.e.106}]
Capabilities {acceptInsecureCerts: false, browserName: chrome, browserVersion: 123.0.6312.123, chrome: {chromedriverVersion: 123.0.6312.86 (9b72c47a0536..., userDataDir: C:\Users\CSC\AppData\Local\...}, fedcm:accounts: true, goog:chromeOptions: {debuggerAddress: localhost:49689}, networkConnectionEnabled: false, pageLoadStrategy: normal, platformName: windows, proxy: Proxy(), se:cdp: ws://localhost:49689/devtoo..., se:cdpVersion: 123.0.6312.123, setWindowRect: true, strictFileInteractability: false, timeouts: {implicit: 0, pageLoad: 300000, script: 30000}, unhandledPromptBehavior: dismiss and notify, webauthn:extension:credBlob: true, webauthn:extension:largeBlob: true, webauthn:extension:minPinLength: true, webauthn:extension:prf: true, webauthn:virtualAuthenticators: true}
Element: [[ChromeDriver: chrome on windows (649a734e1be954a0283051be79c85399)] -> name: submit]
Session ID: 649a734e1be954a0283051be79c85399]]>
            </message>
            <full-stacktrace>
              <![CDATA[org.openqa.selenium.ElementClickInterceptedException: element click intercepted: Element <button type="submit" name="submit" id="submit" class="btn btn-o btn-primary" disabled="">...</button> is not clickable at point (331, 547). Other element would receive the click: <form role="form" name="" method="post">...</form>
  (Session info: chrome=123.0.6312.123)
Build info: version: '4.13.0', revision: 'ba948ece5b*'
System info: os.name: 'Windows 10', os.arch: 'amd64', os.version: '10.0', java.version: '17.0.10'
Driver info: org.openqa.selenium.chrome.ChromeDriver
Command: [649a734e1be954a0283051be79c85399, clickElement {id=f.7FC727FF00346F2462C948C552712B99.d.22871A186F56EEC0BA9D908162A83317.e.106}]
Capabilities {acceptInsecureCerts: false, browserName: chrome, browserVersion: 123.0.6312.123, chrome: {chromedriverVersion: 123.0.6312.86 (9b72c47a0536..., userDataDir: C:\Users\CSC\AppData\Local\...}, fedcm:accounts: true, goog:chromeOptions: {debuggerAddress: localhost:49689}, networkConnectionEnabled: false, pageLoadStrategy: normal, platformName: windows, proxy: Proxy(), se:cdp: ws://localhost:49689/devtoo..., se:cdpVersion: 123.0.6312.123, setWindowRect: true, strictFileInteractability: false, timeouts: {implicit: 0, pageLoad: 300000, script: 30000}, unhandledPromptBehavior: dismiss and notify, webauthn:extension:credBlob: true, webauthn:extension:largeBlob: true, webauthn:extension:minPinLength: true, webauthn:extension:prf: true, webauthn:virtualAuthenticators: true}
Element: [[ChromeDriver: chrome on windows (649a734e1be954a0283051be79c85399)] -> name: submit]
Session ID: 649a734e1be954a0283051be79c85399
at java.base/jdk.internal.reflect.NativeConstructorAccessorImpl.newInstance0(Native Method)
at java.base/jdk.internal.reflect.NativeConstructorAccessorImpl.newInstance(NativeConstructorAccessorImpl.java:77)
at java.base/jdk.internal.reflect.DelegatingConstructorAccessorImpl.newInstance(DelegatingConstructorAccessorImpl.java:45)
at java.base/java.lang.reflect.Constructor.newInstanceWithCaller(Constructor.java:499)
at java.base/java.lang.reflect.Constructor.newInstance(Constructor.java:480)
at org.openqa.selenium.remote.codec.w3c.W3CHttpResponseCodec.createException(W3CHttpResponseCodec.java:200)
at org.openqa.selenium.remote.codec.w3c.W3CHttpResponseCodec.decode(W3CHttpResponseCodec.java:133)
at org.openqa.selenium.remote.codec.w3c.W3CHttpResponseCodec.decode(W3CHttpResponseCodec.java:52)
at org.openqa.selenium.remote.HttpCommandExecutor.execute(HttpCommandExecutor.java:191)
at org.openqa.selenium.remote.service.DriverCommandExecutor.invokeExecute(DriverCommandExecutor.java:196)
at org.openqa.selenium.remote.service.DriverCommandExecutor.execute(DriverCommandExecutor.java:171)
at org.openqa.selenium.remote.RemoteWebDriver.execute(RemoteWebDriver.java:602)
at org.openqa.selenium.remote.RemoteWebElement.execute(RemoteWebElement.java:224)
at org.openqa.selenium.remote.RemoteWebElement.click(RemoteWebElement.java:77)
at java.base/jdk.internal.reflect.NativeMethodAccessorImpl.invoke0(Native Method)
at java.base/jdk.internal.reflect.NativeMethodAccessorImpl.invoke(NativeMethodAccessorImpl.java:77)
at java.base/jdk.internal.reflect.DelegatingMethodAccessorImpl.invoke(DelegatingMethodAccessorImpl.java:43)
at java.base/java.lang.reflect.Method.invoke(Method.java:568)
at org.openqa.selenium.support.pagefactory.internal.LocatingElementHandler.invoke(LocatingElementHandler.java:51)
at jdk.proxy2/jdk.proxy2.$Proxy20.click(Unknown Source)
at com.healthkart.objectrepository.addpatientPage.patientdetails(addpatientPage.java:76)
at doctor_module.pomDrcreatePatient.DrcreatePat(pomDrcreatePatient.java:58)
at java.base/jdk.internal.reflect.NativeMethodAccessorImpl.invoke0(Native Method)
at java.base/jdk.internal.reflect.NativeMethodAccessorImpl.invoke(NativeMethodAccessorImpl.java:77)
at java.base/jdk.internal.reflect.DelegatingMethodAccessorImpl.invoke(DelegatingMethodAccessorImpl.java:43)
at java.base/java.lang.reflect.Method.invoke(Method.java:568)
at org.testng.internal.invokers.MethodInvocationHelper.invokeMethod(MethodInvocationHelper.java:139)
at org.testng.internal.invokers.TestInvoker.invokeMethod(TestInvoker.java:664)
at org.testng.internal.invokers.TestInvoker.invokeTestMethod(TestInvoker.java:228)
at org.testng.internal.invokers.MethodRunner.runInSequence(MethodRunner.java:63)
at org.testng.internal.invokers.TestInvoker$MethodInvocationAgent.invoke(TestInvoker.java:961)
at org.testng.internal.invokers.TestInvoker.invokeTestMethods(TestInvoker.java:201)
at org.testng.internal.invokers.TestMethodWorker.invokeTestMethods(TestMethodWorker.java:148)
at org.testng.internal.invokers.TestMethodWorker.run(TestMethodWorker.java:128)
at java.base/java.util.ArrayList.forEach(ArrayList.java:1511)
at org.testng.TestRunner.privateRun(TestRunner.java:819)
at org.testng.TestRunner.run(TestRunner.java:619)
at org.testng.SuiteRunner.runTest(SuiteRunner.java:443)
at org.testng.SuiteRunner.runSequentially(SuiteRunner.java:437)
at org.testng.SuiteRunner.privateRun(SuiteRunner.java:397)
at org.testng.SuiteRunner.run(SuiteRunner.java:336)
at org.testng.SuiteRunnerWorker.runSuite(SuiteRunnerWorker.java:52)
at org.testng.SuiteRunnerWorker.run(SuiteRunnerWorker.java:95)
at org.testng.TestNG.runSuitesSequentially(TestNG.java:1301)
at org.testng.TestNG.runSuitesLocally(TestNG.java:1228)
at org.testng.TestNG.runSuites(TestNG.java:1134)
at org.testng.TestNG.run(TestNG.java:1101)
at org.testng.remote.AbstractRemoteTestNG.run(AbstractRemoteTestNG.java:115)
at org.testng.remote.RemoteTestNG.initAndRun(RemoteTestNG.java:251)
at org.testng.remote.RemoteTestNG.main(RemoteTestNG.java:77)
]]>
            </full-stacktrace>
          </exception> <!-- org.openqa.selenium.ElementClickInterceptedException -->
          <reporter-output>
          </reporter-output>
        </test-method> <!-- DrcreatePat -->
        <test-method is-config="true" signature="logoutAsDr()[pri:0, instance:doctor_module.pomDrcreatePatient@3b0090a4]" started-at="2024-04-18T10:05:52 PDT" name="logoutAsDr" finished-at="2024-04-18T10:05:52 PDT" duration-ms="398" status="PASS">
          <reporter-output>
            <line>
              <![CDATA[logged out]]>
            </line>
          </reporter-output>
        </test-method> <!-- logoutAsDr -->
        <test-method is-config="true" signature="closebrowser()[pri:0, instance:doctor_module.pomDrcreatePatient@3b0090a4]" started-at="2024-04-18T10:05:52 PDT" name="closebrowser" finished-at="2024-04-18T10:05:53 PDT" duration-ms="413" status="PASS">
          <reporter-output>
            <line>
              <![CDATA[browser has been closed]]>
            </line>
          </reporter-output>
        </test-method> <!-- closebrowser -->
        <test-method is-config="true" signature="closedb()[pri:0, instance:doctor_module.pomDrcreatePatient@3b0090a4]" started-at="2024-04-18T10:05:53 PDT" name="closedb" finished-at="2024-04-18T10:05:53 PDT" duration-ms="13" status="PASS">
          <reporter-output>
            <line>
              <![CDATA[DB is shut down]]>
            </line>
          </reporter-output>
        </test-method> <!-- closedb -->
      </class> <!-- doctor_module.pomDrcreatePatient -->
    </test> <!-- Default test -->
  </suite> <!-- Default suite -->
</testng-results>
